<?xml version="1.0" encoding="UTF-8"?>
<!-- Generated by org.testng.reporters.JUnitReportReporter -->
<testsuite hostname="LAPTOP-CVR9HVBP" failures="0" tests="1" name="TESTCASES.chrome" time="58.878" errors="0" timestamp="2020-03-25T00:01:51 IST" skipped="0">
  <testcase classname="TESTCASES.chrome" name="f" time="58.878"/>
  <system-out/>
</testsuite> <!-- TESTCASES.chrome -->
