<?xml version="1.0" encoding="UTF-8"?>
<!-- Generated by org.testng.reporters.JUnitReportReporter -->
<testsuite hostname="LAPTOP-CVR9HVBP" failures="0" tests="4" name="TESTCASES.task_firefox" time="275.641" errors="0" timestamp="2020-03-25T11:54:24 IST" skipped="0">
  <testcase classname="TESTCASES.task_firefox" name="f" time="69.614"/>
  <system-out/>
  <testcase classname="TESTCASES.task_firefox" name="f" time="66.390"/>
  <system-out/>
  <testcase classname="TESTCASES.task_firefox" name="f" time="95.507"/>
  <system-out/>
  <testcase classname="TESTCASES.task_firefox" name="f" time="44.130"/>
  <system-out/>
</testsuite> <!-- TESTCASES.task_firefox -->
